2025-06-27T21:37:47.480Z [INFO]: POST /api/auth/register
2025-06-27T21:37:51.920Z [INFO]: POST /api/auth/login
2025-06-27T21:38:58.653Z [INFO]: GET /api/syllabus
2025-06-27T21:38:59.159Z [INFO]: GET /api/syllabus
2025-06-27T21:39:00.405Z [INFO]: POST /api/auth/login
2025-06-27T21:39:00.703Z [INFO]: GET /api/syllabus
2025-06-27T21:39:00.789Z [INFO]: GET /api/syllabus
2025-06-27T21:39:31.370Z [INFO]: POST /api/syllabus
2025-06-27T21:39:38.529Z [INFO]: POST /api/ai/quiz
2025-06-27T21:39:47.915Z [INFO]: GET /api/syllabus
2025-06-27T21:39:48.033Z [INFO]: GET /api/syllabus
2025-06-27T21:39:51.095Z [INFO]: POST /api/ai/flashcards
2025-06-27T21:39:54.912Z [INFO]: POST /api/ai/flashcards
2025-06-27T21:39:55.855Z [INFO]: POST /api/ai/flashcards
2025-06-27T21:39:56.492Z [INFO]: POST /api/ai/flashcards
2025-06-27T21:40:36.695Z [INFO]: POST /api/auth/login
2025-06-27T21:40:37.523Z [INFO]: GET /api/syllabus
2025-06-27T21:40:37.672Z [INFO]: GET /api/syllabus
2025-06-27T21:40:51.139Z [INFO]: POST /api/ai/flashcards
2025-06-27T21:40:52.125Z [INFO]: POST /api/ai/flashcards
2025-06-27T21:41:21.022Z [INFO]: POST /api/ai/quiz
2025-06-27T21:41:21.744Z [INFO]: POST /api/ai/quiz
2025-06-27T21:43:00.661Z [INFO]: POST /api/auth/login
2025-06-27T21:43:01.144Z [INFO]: GET /api/syllabus
2025-06-27T21:43:01.308Z [INFO]: GET /api/syllabus
2025-06-27T21:43:05.042Z [INFO]: POST /api/ai/flashcards
2025-06-27T21:44:20.419Z [INFO]: POST /api/auth/login
2025-06-27T21:44:21.050Z [INFO]: GET /api/syllabus
2025-06-27T21:44:21.142Z [INFO]: GET /api/syllabus
2025-06-27T21:44:24.359Z [INFO]: GET /api/syllabus
2025-06-27T21:44:24.505Z [INFO]: GET /api/syllabus
2025-06-27T21:44:25.498Z [INFO]: POST /api/ai/plan
2025-06-27T21:44:25.965Z [INFO]: POST /api/ai/plan
2025-06-27T21:44:26.654Z [INFO]: POST /api/ai/plan
2025-06-27T21:44:38.185Z [INFO]: POST /api/ai/flashcards
2025-06-27T21:44:41.802Z [INFO]: POST /api/ai/quiz
2025-06-27T21:44:44.129Z [INFO]: POST /api/ai/quiz
2025-06-27T21:44:54.720Z [INFO]: POST /api/auth/login
2025-06-27T21:44:55.069Z [INFO]: GET /api/syllabus
2025-06-27T21:44:55.197Z [INFO]: GET /api/syllabus
2025-06-27T21:46:06.861Z [INFO]: GET /api/syllabus
2025-06-27T21:46:07.075Z [INFO]: GET /api/syllabus
2025-06-27T21:46:07.965Z [INFO]: POST /api/auth/login
2025-06-27T21:46:08.228Z [INFO]: GET /api/syllabus
2025-06-27T21:46:08.336Z [INFO]: GET /api/syllabus
2025-06-27T21:46:18.292Z [INFO]: POST /api/ai/flashcards
2025-06-27T21:48:19.008Z [INFO]: POST /api/auth/login
2025-06-27T21:48:19.423Z [INFO]: GET /api/syllabus
2025-06-27T21:48:19.541Z [INFO]: GET /api/syllabus
2025-06-27T21:48:31.935Z [INFO]: POST /api/ai/flashcards
2025-06-27T21:53:10.749Z [INFO]: POST /api/ai/flashcards
2025-06-27T21:53:14.966Z [INFO]: POST /api/ai/flashcards
2025-06-27T21:54:09.326Z [INFO]: POST /api/ai/quiz
2025-06-27T22:01:26.866Z [INFO]: SIGINT signal received: closing server and database connection
2025-06-27T22:01:57.477Z [INFO]: POST /api/auth/login
2025-06-27T22:01:57.875Z [INFO]: GET /api/syllabus
2025-06-27T22:01:57.968Z [INFO]: GET /api/syllabus
2025-06-27T22:02:14.521Z [INFO]: POST /api/ai/flashcards
2025-06-27T22:05:19.134Z [INFO]: POST /api/ai/flashcards
2025-06-27T22:05:23.603Z [INFO]: POST /api/auth/login
2025-06-27T22:05:24.020Z [INFO]: GET /api/syllabus
2025-06-27T22:05:24.111Z [INFO]: GET /api/syllabus
2025-06-27T22:05:35.923Z [INFO]: POST /api/ai/flashcards
2025-06-27T22:06:05.253Z [INFO]: SIGINT signal received: closing server and database connection
2025-06-27T22:10:04.638Z [INFO]: POST /api/auth/login
2025-06-27T22:10:04.969Z [INFO]: GET /api/syllabus
2025-06-27T22:10:05.175Z [INFO]: GET /api/syllabus
2025-06-27T22:10:19.739Z [INFO]: POST /api/ai/flashcards
2025-06-27T22:27:58.668Z [INFO]: POST /api/auth/login
2025-06-27T22:27:58.940Z [INFO]: GET /api/syllabus
2025-06-27T22:27:59.027Z [INFO]: GET /api/syllabus
2025-06-27T22:28:06.348Z [INFO]: POST /api/ai/quiz
2025-06-27T22:28:07.445Z [INFO]: POST /api/ai/quiz
2025-06-27T22:28:25.282Z [INFO]: POST /api/ai/flashcards
2025-06-27T22:28:28.305Z [INFO]: POST /api/ai/flashcards
2025-06-27T22:30:04.962Z [INFO]: POST /api/ai/flashcards
2025-06-27T22:31:35.538Z [INFO]: POST /api/auth/login
2025-06-27T22:31:57.902Z [INFO]: POST /api/auth/login
2025-06-27T22:31:58.176Z [INFO]: GET /api/syllabus
2025-06-27T22:31:58.317Z [INFO]: GET /api/syllabus
2025-06-27T22:32:01.556Z [INFO]: GET /api/syllabus
2025-06-27T22:32:01.682Z [INFO]: GET /api/syllabus
2025-06-27T22:32:07.118Z [INFO]: GET /api/syllabus
2025-06-27T22:32:07.271Z [INFO]: GET /api/syllabus
2025-06-27T22:32:08.785Z [INFO]: POST /api/ai/plan
2025-06-27T22:32:09.425Z [INFO]: POST /api/ai/plan
2025-06-27T22:32:10.765Z [INFO]: POST /api/syllabus
2025-06-27T22:32:20.525Z [INFO]: POST /api/auth/login
2025-06-27T22:32:20.757Z [INFO]: GET /api/syllabus
2025-06-27T22:32:20.885Z [INFO]: GET /api/syllabus
2025-06-27T22:32:27.178Z [INFO]: GET /api/syllabus
2025-06-27T22:32:28.067Z [INFO]: GET /api/syllabus
2025-06-27T22:32:36.703Z [INFO]: POST /api/auth/login
2025-06-27T22:32:38.027Z [INFO]: POST /api/auth/login
2025-06-27T22:32:38.705Z [INFO]: POST /api/auth/login
2025-06-27T22:32:39.362Z [INFO]: POST /api/auth/login
2025-06-27T22:34:08.444Z [INFO]: POST /api/auth/login
2025-06-27T22:34:09.828Z [INFO]: POST /api/auth/login
2025-06-27T22:34:10.691Z [INFO]: POST /api/auth/login
2025-06-27T22:34:11.303Z [INFO]: POST /api/auth/login
2025-06-27T22:34:12.226Z [INFO]: POST /api/auth/login
2025-06-27T22:36:19.199Z [INFO]: POST /api/auth/login
2025-06-27T22:36:34.238Z [INFO]: GET /api/syllabus
2025-06-27T22:36:35.398Z [INFO]: GET /api/syllabus
2025-06-27T22:36:36.327Z [INFO]: GET /api/syllabus
2025-06-27T22:36:36.396Z [INFO]: GET /api/syllabus
2025-06-27T22:37:12.777Z [INFO]: GET /api/syllabus
2025-06-27T22:37:12.865Z [INFO]: GET /api/syllabus
2025-06-27T22:37:15.275Z [INFO]: GET /api/syllabus
2025-06-27T22:37:15.417Z [INFO]: GET /api/syllabus
2025-06-27T22:37:40.297Z [INFO]: POST /api/auth/login
2025-06-27T22:37:40.505Z [INFO]: GET /api/syllabus
2025-06-27T22:37:40.616Z [INFO]: GET /api/syllabus
2025-06-27T22:38:00.620Z [INFO]: POST /api/auth/register
2025-06-27T22:38:02.359Z [INFO]: POST /api/auth/login
2025-06-27T22:38:03.252Z [INFO]: POST /api/auth/login
2025-06-27T22:38:04.436Z [INFO]: POST /api/auth/login
2025-06-27T22:38:56.445Z [INFO]: POST /api/auth/login
2025-06-27T22:38:57.629Z [INFO]: POST /api/auth/login
2025-06-27T22:38:58.082Z [INFO]: POST /api/auth/login
2025-06-27T22:38:58.523Z [INFO]: POST /api/auth/login
2025-06-27T22:38:58.882Z [INFO]: POST /api/auth/login
2025-06-27T22:38:59.468Z [INFO]: POST /api/auth/login
2025-06-27T22:38:59.910Z [INFO]: POST /api/auth/login
2025-06-27T22:39:00.352Z [INFO]: POST /api/auth/login
2025-06-27T22:40:29.473Z [INFO]: POST /api/auth/login
2025-06-27T22:40:30.907Z [INFO]: POST /api/auth/login
2025-06-27T22:40:31.980Z [INFO]: POST /api/auth/login
2025-06-27T22:40:32.928Z [INFO]: POST /api/auth/login
2025-06-27T22:40:34.037Z [INFO]: POST /api/auth/login
2025-06-27T22:40:34.795Z [INFO]: POST /api/auth/login
2025-06-27T22:40:58.230Z [INFO]: POST /api/auth/login
2025-06-27T22:41:07.804Z [INFO]: POST /api/auth/login
2025-06-27T22:41:08.221Z [INFO]: POST /api/auth/login
2025-06-27T22:41:11.240Z [INFO]: POST /api/auth/login
2025-06-27T22:41:19.046Z [INFO]: POST /api/auth/login
2025-06-27T22:41:20.983Z [INFO]: POST /api/auth/login
2025-06-27T22:43:18.931Z [INFO]: POST /api/auth/login
2025-06-27T22:43:51.641Z [INFO]: SIGINT signal received: closing server and database connection
2025-06-27T22:44:16.267Z [INFO]: POST /api/auth/login
2025-06-27T22:44:16.491Z [INFO]: GET /api/syllabus
2025-06-27T22:44:16.608Z [INFO]: GET /api/syllabus
2025-06-27T22:44:31.860Z [INFO]: POST /api/ai/flashcards
2025-06-27T22:46:27.325Z [INFO]: POST /api/ai/flashcards
2025-06-27T22:50:57.465Z [INFO]: POST /api/ai/flashcards
2025-06-27T22:51:07.035Z [INFO]: POST /api/auth/login
2025-06-27T22:51:07.285Z [INFO]: GET /api/syllabus
2025-06-27T22:51:07.417Z [INFO]: GET /api/syllabus
2025-06-27T22:51:20.843Z [INFO]: POST /api/ai/flashcards
2025-06-27T22:52:01.259Z [INFO]: POST /api/ai/quiz
2025-06-27T22:52:04.987Z [INFO]: POST /api/ai/quiz
2025-06-27T22:52:09.427Z [INFO]: POST /api/ai/quiz
2025-06-27T22:52:24.109Z [INFO]: GET /api/syllabus
2025-06-27T22:52:24.216Z [INFO]: GET /api/syllabus
2025-06-27T22:52:26.697Z [INFO]: POST /api/ai/plan
2025-06-27T22:52:27.708Z [INFO]: POST /api/ai/plan
2025-06-27T22:52:30.520Z [INFO]: POST /api/ai/plan
2025-06-27T22:55:26.794Z [INFO]: GET /api/syllabus
2025-06-27T22:55:49.679Z [INFO]: GET /api/syllabus
2025-06-27T22:56:01.724Z [INFO]: GET /api/syllabus
2025-06-27T22:56:01.799Z [INFO]: GET /api/syllabus
2025-06-27T22:56:02.829Z [INFO]: POST /api/auth/login
2025-06-27T22:56:03.112Z [INFO]: GET /api/syllabus
2025-06-27T22:56:03.230Z [INFO]: GET /api/syllabus
2025-06-27T22:56:06.714Z [INFO]: POST /api/ai/plan
2025-06-27T22:56:07.294Z [INFO]: POST /api/ai/plan
2025-06-27T22:56:20.375Z [INFO]: POST /api/ai/plan
2025-06-27T22:57:43.710Z [INFO]: GET /api/syllabus
2025-06-27T22:57:43.850Z [INFO]: GET /api/syllabus
2025-06-27T22:57:45.200Z [INFO]: POST /api/auth/login
2025-06-27T22:57:45.461Z [INFO]: GET /api/syllabus
2025-06-27T22:57:45.557Z [INFO]: GET /api/syllabus
2025-06-27T22:57:46.928Z [INFO]: POST /api/ai/plan
2025-06-27T23:00:23.807Z [INFO]: DELETE /api/studyplans/undefined
2025-06-27T23:00:28.797Z [INFO]: POST /api/ai/plan
2025-06-27T23:00:47.312Z [INFO]: POST /api/auth/login
2025-06-27T23:00:47.654Z [INFO]: GET /api/syllabus
2025-06-27T23:00:47.671Z [INFO]: GET /api/studyplans
2025-06-27T23:00:47.677Z [INFO]: GET /api/studyplans
2025-06-27T23:00:47.746Z [INFO]: GET /api/syllabus
2025-06-27T23:00:51.106Z [INFO]: POST /api/ai/plan
2025-06-27T23:00:58.720Z [INFO]: POST /api/studyplans
2025-06-27T23:01:01.445Z [INFO]: POST /api/auth/login
2025-06-27T23:01:01.708Z [INFO]: GET /api/studyplans
2025-06-27T23:01:01.718Z [INFO]: GET /api/syllabus
2025-06-27T23:01:01.728Z [INFO]: GET /api/studyplans
2025-06-27T23:01:01.797Z [INFO]: GET /api/syllabus
2025-06-27T23:01:03.761Z [INFO]: POST /api/ai/plan
2025-06-27T23:01:26.251Z [INFO]: POST /api/studyplans
2025-06-27T23:01:31.047Z [INFO]: POST /api/studyplans
2025-06-27T23:01:47.900Z [INFO]: GET /api/syllabus
2025-06-27T23:01:47.904Z [INFO]: GET /api/studyplans
2025-06-27T23:01:47.911Z [INFO]: GET /api/studyplans
2025-06-27T23:01:48.000Z [INFO]: GET /api/syllabus
2025-06-27T23:02:36.602Z [INFO]: POST /api/auth/login
2025-06-27T23:02:36.889Z [INFO]: GET /api/syllabus
2025-06-27T23:02:36.905Z [INFO]: GET /api/studyplans
2025-06-27T23:02:36.913Z [INFO]: GET /api/studyplans
2025-06-27T23:02:37.052Z [INFO]: GET /api/syllabus
2025-06-27T23:02:39.615Z [INFO]: DELETE /api/syllabus/685f1bea0dbaf0077acd5c55
2025-06-27T23:02:43.535Z [INFO]: POST /api/ai/plan
2025-06-27T23:03:10.061Z [INFO]: POST /api/studyplans
2025-06-27T23:03:19.533Z [INFO]: GET /api/syllabus
2025-06-27T23:03:19.541Z [INFO]: GET /api/studyplans
2025-06-27T23:03:19.557Z [INFO]: GET /api/studyplans
2025-06-27T23:03:19.610Z [INFO]: GET /api/syllabus
2025-06-27T23:03:21.290Z [INFO]: POST /api/auth/login
2025-06-27T23:03:21.491Z [INFO]: GET /api/syllabus
2025-06-27T23:03:21.500Z [INFO]: GET /api/studyplans
2025-06-27T23:03:21.511Z [INFO]: GET /api/studyplans
2025-06-27T23:03:21.565Z [INFO]: GET /api/syllabus
2025-06-27T23:04:43.120Z [INFO]: POST /api/ai/plan
2025-06-27T23:04:56.338Z [INFO]: POST /api/ai/plan
2025-06-27T23:05:14.206Z [INFO]: POST /api/studyplans
2025-06-27T23:05:23.902Z [INFO]: POST /api/studyplans
2025-06-27T23:05:26.483Z [INFO]: GET /api/studyplans
2025-06-27T23:05:26.499Z [INFO]: GET /api/syllabus
2025-06-27T23:05:26.586Z [INFO]: GET /api/syllabus
2025-06-27T23:05:26.658Z [INFO]: GET /api/studyplans
2025-06-27T23:05:30.452Z [INFO]: POST /api/auth/login
2025-06-27T23:05:30.728Z [INFO]: GET /api/syllabus
2025-06-27T23:05:30.738Z [INFO]: GET /api/studyplans
2025-06-27T23:05:30.815Z [INFO]: GET /api/syllabus
2025-06-27T23:05:30.904Z [INFO]: GET /api/studyplans
2025-06-27T23:05:39.373Z [INFO]: DELETE /api/studyplans/685f23b3179b034c09de7e6e
2025-06-27T23:05:41.051Z [INFO]: DELETE /api/studyplans/685f23aa179b034c09de7e6c
2025-06-27T23:05:42.538Z [INFO]: POST /api/ai/plan
2025-06-27T23:08:31.906Z [INFO]: POST /api/auth/login
2025-06-27T23:08:49.582Z [INFO]: GET /api/syllabus
2025-06-27T23:08:49.656Z [INFO]: GET /api/studyplans
2025-06-27T23:08:49.770Z [INFO]: GET /api/syllabus
2025-06-27T23:08:49.780Z [INFO]: GET /api/studyplans
2025-06-27T23:08:50.607Z [INFO]: POST /api/auth/login
2025-06-27T23:08:50.813Z [INFO]: GET /api/syllabus
2025-06-27T23:08:50.821Z [INFO]: GET /api/studyplans
2025-06-27T23:08:50.917Z [INFO]: GET /api/studyplans
2025-06-27T23:08:50.930Z [INFO]: GET /api/syllabus
2025-06-27T23:08:52.466Z [INFO]: POST /api/ai/plan
2025-06-27T23:09:21.045Z [INFO]: POST /api/studyplans
2025-06-27T23:13:40.080Z [INFO]: POST /api/auth/login
2025-06-27T23:13:42.793Z [INFO]: POST /api/auth/login
2025-06-27T23:13:43.818Z [INFO]: POST /api/auth/login
2025-06-27T23:13:44.751Z [INFO]: POST /api/auth/login
2025-06-27T23:13:45.770Z [INFO]: POST /api/auth/login
2025-06-27T23:13:46.885Z [INFO]: POST /api/auth/login
2025-06-27T23:14:42.602Z [INFO]: POST /api/auth/login
2025-06-27T23:14:43.984Z [INFO]: POST /api/auth/login
2025-06-27T23:14:45.040Z [INFO]: POST /api/auth/login
2025-06-27T23:14:46.211Z [INFO]: POST /api/auth/login
2025-06-27T23:14:50.506Z [INFO]: POST /api/auth/register
2025-06-27T23:14:56.184Z [INFO]: POST /api/auth/register
2025-06-27T23:15:01.374Z [INFO]: POST /api/auth/login
2025-06-27T23:15:02.536Z [INFO]: POST /api/auth/login
2025-06-27T23:15:10.008Z [INFO]: SIGINT signal received: closing server and database connection
2025-06-27T23:15:24.558Z [INFO]: POST /api/auth/login
2025-06-27T23:15:25.616Z [INFO]: POST /api/auth/login
2025-06-27T23:15:26.342Z [INFO]: POST /api/auth/login
2025-06-27T23:16:54.369Z [INFO]: POST /api/auth/register
2025-06-27T23:17:00.041Z [INFO]: POST /api/auth/register
2025-06-27T23:17:04.336Z [INFO]: POST /api/auth/login
2025-06-27T23:17:04.553Z [INFO]: GET /api/syllabus
2025-06-27T23:17:04.567Z [INFO]: GET /api/studyplans
2025-06-27T23:17:04.647Z [INFO]: GET /api/studyplans
2025-06-27T23:17:04.654Z [INFO]: GET /api/syllabus
2025-06-27T23:17:17.883Z [INFO]: POST /api/auth/login
2025-06-27T23:17:18.117Z [INFO]: GET /api/syllabus
2025-06-27T23:17:18.125Z [INFO]: GET /api/studyplans
2025-06-27T23:17:18.243Z [INFO]: GET /api/studyplans
2025-06-27T23:17:18.248Z [INFO]: GET /api/syllabus
2025-06-27T23:17:21.423Z [INFO]: POST /api/syllabus
2025-06-27T23:17:22.991Z [INFO]: DELETE /api/syllabus/685f2681d8a200801a1c52cf
2025-06-27T23:18:21.728Z [INFO]: POST /api/ai/quiz
2025-06-27T23:18:29.015Z [INFO]: POST /api/ai/quiz
2025-06-27T23:18:29.469Z [INFO]: POST /api/ai/quiz
2025-06-27T23:18:35.007Z [INFO]: POST /api/ai/quiz
2025-06-27T23:18:45.508Z [INFO]: GET /api/syllabus
2025-06-27T23:18:45.640Z [INFO]: GET /api/studyplans
2025-06-27T23:18:45.785Z [INFO]: GET /api/studyplans
2025-06-27T23:18:45.788Z [INFO]: GET /api/syllabus
2025-06-27T23:20:36.848Z [INFO]: GET /api/syllabus
2025-06-27T23:20:36.896Z [INFO]: GET /api/studyplans
2025-06-27T23:20:36.994Z [INFO]: GET /api/studyplans
2025-06-27T23:20:36.998Z [INFO]: GET /api/syllabus
2025-06-27T23:20:39.024Z [INFO]: GET /api/syllabus
2025-06-27T23:20:39.030Z [INFO]: GET /api/studyplans
2025-06-27T23:20:39.155Z [INFO]: GET /api/studyplans
2025-06-27T23:20:39.163Z [INFO]: GET /api/syllabus
2025-06-27T23:20:44.676Z [INFO]: POST /api/auth/login
2025-06-27T23:20:44.979Z [INFO]: GET /api/syllabus
2025-06-27T23:20:44.987Z [INFO]: GET /api/studyplans
2025-06-27T23:20:45.073Z [INFO]: GET /api/studyplans
2025-06-27T23:20:45.078Z [INFO]: GET /api/syllabus
2025-06-28T00:38:56.908Z [INFO]: POST /api/auth/login
2025-06-28T00:38:57.181Z [INFO]: GET /api/syllabus
2025-06-28T00:38:57.194Z [INFO]: GET /api/studyplans
2025-06-28T00:38:57.267Z [INFO]: GET /api/studyplans
2025-06-28T00:38:57.274Z [INFO]: GET /api/syllabus
2025-06-28T00:48:06.354Z [INFO]: POST /api/auth/register
2025-06-28T00:48:10.236Z [INFO]: POST /api/auth/login
2025-06-28T00:48:11.676Z [INFO]: POST /api/auth/login
2025-06-28T00:48:12.748Z [INFO]: POST /api/auth/login
2025-06-28T00:48:13.800Z [INFO]: POST /api/auth/login
2025-06-28T00:48:14.807Z [INFO]: POST /api/auth/login
2025-06-28T00:48:15.694Z [INFO]: POST /api/auth/login
2025-06-28T00:48:16.593Z [INFO]: POST /api/auth/login
2025-06-28T00:48:17.597Z [INFO]: POST /api/auth/login
2025-06-28T00:48:21.806Z [INFO]: POST /api/auth/login
2025-06-28T00:48:22.831Z [INFO]: POST /api/auth/login
2025-06-28T00:50:14.673Z [INFO]: POST /api/auth/login
2025-06-28T00:50:14.941Z [INFO]: GET /api/syllabus
2025-06-28T00:50:14.961Z [INFO]: GET /api/studyplans
2025-06-28T00:52:21.139Z [INFO]: GET /api/syllabus
2025-06-28T00:52:21.165Z [INFO]: GET /api/studyplans
